TN:
SF:/Users/Adam/Sites/meanie/mongoose-set-properties/index.js
FN:11,setProperties
FN:12,(anonymous_1)
FNF:2
FNH:2
FNDA:1,setProperties
FNDA:10,(anonymous_1)
DA:6,1
DA:11,1
DA:12,1
DA:13,10
LF:4
LH:4
BRF:0
BRH:0
end_of_record
TN:
SF:/Users/Adam/Sites/meanie/mongoose-set-properties/helpers/is-same.js
FN:14,isSame
FN:22,(anonymous_1)
FN:22,(anonymous_2)
FNF:3
FNH:3
FNDA:300,isSame
FNDA:68,(anonymous_1)
FNDA:150,(anonymous_2)
DA:6,1
DA:7,1
DA:8,1
DA:9,1
DA:14,1
DA:17,300
DA:18,41
DA:19,35
DA:20,5
DA:22,150
DA:24,6
DA:28,259
DA:35,206
DA:39,53
DA:40,6
DA:41,4
DA:43,2
DA:47,47
DA:48,10
DA:52,37
DA:53,8
DA:57,29
DA:58,28
DA:59,21
DA:60,21
DA:61,21
DA:62,6
DA:64,15
DA:65,29
DA:66,7
DA:69,8
DA:71,7
DA:75,1
LF:33
LH:33
BRDA:17,0,0,41
BRDA:17,0,1,259
BRDA:18,1,0,35
BRDA:18,1,1,6
BRDA:19,2,0,5
BRDA:19,2,1,30
BRDA:28,3,0,206
BRDA:28,3,1,53
BRDA:29,4,0,259
BRDA:29,4,1,241
BRDA:29,4,2,231
BRDA:29,4,3,119
BRDA:29,4,4,79
BRDA:39,5,0,6
BRDA:39,5,1,47
BRDA:40,6,0,4
BRDA:40,6,1,2
BRDA:47,7,0,10
BRDA:47,7,1,37
BRDA:52,8,0,8
BRDA:52,8,1,29
BRDA:52,9,0,37
BRDA:52,9,1,8
BRDA:57,10,0,28
BRDA:57,10,1,1
BRDA:57,11,0,29
BRDA:57,11,1,28
BRDA:58,12,0,21
BRDA:58,12,1,7
BRDA:58,13,0,28
BRDA:58,13,1,22
BRDA:61,14,0,6
BRDA:61,14,1,15
BRDA:65,15,0,7
BRDA:65,15,1,22
BRDA:65,16,0,29
BRDA:65,16,1,29
BRF:37
BRH:37
end_of_record
TN:
SF:/Users/Adam/Sites/meanie/mongoose-set-properties/helpers/is-same.spec.js
FN:14,(anonymous_0)
FN:20,(anonymous_1)
FN:30,(anonymous_2)
FN:39,(anonymous_3)
FN:48,(anonymous_4)
FN:58,(anonymous_5)
FN:68,(anonymous_6)
FN:87,(anonymous_7)
FN:93,(anonymous_8)
FN:99,(anonymous_9)
FN:111,(anonymous_10)
FN:117,(anonymous_11)
FN:123,(anonymous_12)
FN:129,(anonymous_13)
FN:135,(anonymous_14)
FN:141,(anonymous_15)
FN:147,(anonymous_16)
FN:153,(anonymous_17)
FN:163,(anonymous_18)
FN:169,(anonymous_19)
FN:175,(anonymous_20)
FN:181,(anonymous_21)
FN:187,(anonymous_22)
FN:193,(anonymous_23)
FN:199,(anonymous_24)
FN:205,(anonymous_25)
FN:215,(anonymous_26)
FN:221,(anonymous_27)
FN:227,(anonymous_28)
FN:233,(anonymous_29)
FN:243,(anonymous_30)
FN:249,(anonymous_31)
FN:259,(anonymous_32)
FN:265,(anonymous_33)
FN:271,(anonymous_34)
FN:277,(anonymous_35)
FN:283,(anonymous_36)
FN:289,(anonymous_37)
FN:297,(anonymous_38)
FN:303,(anonymous_39)
FN:313,(anonymous_40)
FN:314,(anonymous_41)
FNF:42
FNH:42
FNDA:1,(anonymous_0)
FNDA:1,(anonymous_1)
FNDA:1,(anonymous_2)
FNDA:1,(anonymous_3)
FNDA:1,(anonymous_4)
FNDA:1,(anonymous_5)
FNDA:1,(anonymous_6)
FNDA:1,(anonymous_7)
FNDA:1,(anonymous_8)
FNDA:1,(anonymous_9)
FNDA:1,(anonymous_10)
FNDA:1,(anonymous_11)
FNDA:1,(anonymous_12)
FNDA:1,(anonymous_13)
FNDA:1,(anonymous_14)
FNDA:1,(anonymous_15)
FNDA:1,(anonymous_16)
FNDA:1,(anonymous_17)
FNDA:1,(anonymous_18)
FNDA:1,(anonymous_19)
FNDA:1,(anonymous_20)
FNDA:1,(anonymous_21)
FNDA:1,(anonymous_22)
FNDA:1,(anonymous_23)
FNDA:1,(anonymous_24)
FNDA:1,(anonymous_25)
FNDA:1,(anonymous_26)
FNDA:1,(anonymous_27)
FNDA:1,(anonymous_28)
FNDA:1,(anonymous_29)
FNDA:1,(anonymous_30)
FNDA:1,(anonymous_31)
FNDA:1,(anonymous_32)
FNDA:1,(anonymous_33)
FNDA:1,(anonymous_34)
FNDA:1,(anonymous_35)
FNDA:1,(anonymous_36)
FNDA:1,(anonymous_37)
FNDA:1,(anonymous_38)
FNDA:1,(anonymous_39)
FNDA:1,(anonymous_40)
FNDA:1,(anonymous_41)
DA:6,1
DA:7,1
DA:8,1
DA:9,1
DA:14,1
DA:20,1
DA:21,1
DA:22,1
DA:23,1
DA:24,1
DA:25,1
DA:26,1
DA:27,1
DA:30,1
DA:31,1
DA:32,1
DA:33,1
DA:34,1
DA:35,1
DA:36,1
DA:39,1
DA:40,1
DA:41,1
DA:42,1
DA:43,1
DA:44,1
DA:45,1
DA:48,1
DA:49,1
DA:50,1
DA:51,1
DA:52,1
DA:53,1
DA:54,1
DA:55,1
DA:58,1
DA:59,1
DA:60,1
DA:61,1
DA:62,1
DA:63,1
DA:64,1
DA:65,1
DA:68,1
DA:69,1
DA:70,1
DA:71,1
DA:72,1
DA:73,1
DA:74,1
DA:75,1
DA:76,1
DA:77,1
DA:78,1
DA:79,1
DA:80,1
DA:87,1
DA:88,1
DA:89,1
DA:90,1
DA:93,1
DA:94,1
DA:95,1
DA:96,1
DA:99,1
DA:100,1
DA:101,1
DA:102,1
DA:103,1
DA:104,1
DA:111,1
DA:112,1
DA:113,1
DA:114,1
DA:117,1
DA:118,1
DA:119,1
DA:120,1
DA:123,1
DA:124,1
DA:125,1
DA:126,1
DA:129,1
DA:130,1
DA:131,1
DA:132,1
DA:135,1
DA:136,1
DA:137,1
DA:138,1
DA:141,1
DA:142,1
DA:143,1
DA:144,1
DA:147,1
DA:148,1
DA:149,1
DA:150,1
DA:153,1
DA:154,1
DA:155,1
DA:156,1
DA:163,1
DA:164,1
DA:165,1
DA:166,1
DA:169,1
DA:170,1
DA:171,1
DA:172,1
DA:175,1
DA:176,1
DA:177,1
DA:178,1
DA:181,1
DA:182,1
DA:183,1
DA:184,1
DA:187,1
DA:188,1
DA:189,1
DA:190,1
DA:193,1
DA:194,1
DA:195,1
DA:196,1
DA:199,1
DA:200,1
DA:201,1
DA:202,1
DA:205,1
DA:206,1
DA:207,1
DA:208,1
DA:215,1
DA:216,1
DA:217,1
DA:218,1
DA:221,1
DA:222,1
DA:223,1
DA:224,1
DA:227,1
DA:228,1
DA:229,1
DA:230,1
DA:233,1
DA:234,1
DA:235,1
DA:236,1
DA:237,1
DA:238,1
DA:239,1
DA:240,1
DA:243,1
DA:244,1
DA:245,1
DA:246,1
DA:249,1
DA:250,1
DA:251,1
DA:252,1
DA:259,1
DA:260,1
DA:261,1
DA:262,1
DA:265,1
DA:266,1
DA:267,1
DA:268,1
DA:271,1
DA:272,1
DA:273,1
DA:274,1
DA:277,1
DA:278,1
DA:279,1
DA:280,1
DA:283,1
DA:284,1
DA:285,1
DA:286,1
DA:289,1
DA:290,1
DA:291,1
DA:292,1
DA:293,1
DA:294,1
DA:297,1
DA:298,1
DA:299,1
DA:300,1
DA:303,1
DA:304,1
DA:305,1
DA:306,1
DA:313,1
DA:314,1
DA:315,1
LF:199
LH:199
BRF:0
BRH:0
end_of_record
TN:
SF:/Users/Adam/Sites/meanie/mongoose-set-properties/helpers/is-simple-object.js
FN:13,isSimpleObject
FNF:1
FNH:1
FNDA:34,isSimpleObject
DA:6,1
DA:7,1
DA:8,1
DA:13,1
DA:16,34
DA:17,22
DA:21,12
LF:7
LH:7
BRDA:16,0,0,22
BRDA:16,0,1,12
BRDA:16,1,0,34
BRDA:16,1,1,21
BRDA:16,1,2,20
BRDA:22,2,0,12
BRDA:22,2,1,9
BRDA:22,2,2,7
BRDA:22,2,3,2
BRF:9
BRH:9
end_of_record
TN:
SF:/Users/Adam/Sites/meanie/mongoose-set-properties/helpers/is-simple-object.spec.js
FN:14,(anonymous_0)
FN:16,(anonymous_1)
FN:25,(anonymous_2)
FN:31,(anonymous_3)
FN:35,(anonymous_4)
FN:40,(anonymous_5)
FN:46,(anonymous_6)
FNF:7
FNH:7
FNDA:1,(anonymous_0)
FNDA:1,(anonymous_1)
FNDA:1,(anonymous_2)
FNDA:1,(anonymous_3)
FNDA:1,(anonymous_4)
FNDA:1,(anonymous_5)
FNDA:1,(anonymous_6)
DA:6,1
DA:7,1
DA:8,1
DA:9,1
DA:14,1
DA:16,1
DA:17,1
DA:18,1
DA:19,1
DA:20,1
DA:21,1
DA:22,1
DA:25,1
DA:26,1
DA:27,1
DA:28,1
DA:31,1
DA:32,1
DA:35,1
DA:36,1
DA:37,1
DA:40,1
DA:41,1
DA:42,1
DA:43,1
DA:46,1
DA:47,1
DA:48,1
LF:28
LH:28
BRF:0
BRH:0
end_of_record
TN:
SF:/Users/Adam/Sites/meanie/mongoose-set-properties/helpers/normalize.js
FN:6,normalize
FNF:1
FNH:1
FNDA:23,normalize
DA:6,1
DA:7,23
DA:8,2
DA:10,21
LF:4
LH:4
BRDA:7,0,0,2
BRDA:7,0,1,21
BRDA:7,1,0,23
BRDA:7,1,1,22
BRDA:7,1,2,13
BRF:5
BRH:5
end_of_record
TN:
SF:/Users/Adam/Sites/meanie/mongoose-set-properties/helpers/normalize.spec.js
FN:12,(anonymous_0)
FN:14,(anonymous_1)
FN:21,(anonymous_2)
FNF:3
FNH:3
FNDA:1,(anonymous_0)
FNDA:1,(anonymous_1)
FNDA:1,(anonymous_2)
DA:6,1
DA:7,1
DA:12,1
DA:14,1
DA:15,1
DA:16,1
DA:17,1
DA:18,1
DA:21,1
DA:22,1
LF:10
LH:10
BRF:0
BRH:0
end_of_record
TN:
SF:/Users/Adam/Sites/meanie/mongoose-set-properties/helpers/set-object-properties.js
FN:13,setObjectProperties
FNF:1
FNH:1
FNDA:12,setObjectProperties
DA:6,1
DA:7,1
DA:8,1
DA:13,1
DA:16,12
DA:18,20
DA:21,20
DA:22,20
DA:25,20
DA:28,3
DA:29,1
DA:36,2
DA:37,2
DA:41,17
DA:44,9
DA:47,9
DA:48,1
LF:17
LH:17
BRDA:18,0,0,20
BRDA:21,1,0,2
BRDA:21,1,1,18
BRDA:25,2,0,3
BRDA:25,2,1,17
BRDA:28,3,0,1
BRDA:28,3,1,2
BRDA:41,4,0,9
BRDA:41,4,1,8
BRDA:47,5,0,1
BRDA:47,5,1,8
BRF:11
BRH:11
end_of_record
TN:
SF:/Users/Adam/Sites/meanie/mongoose-set-properties/helpers/set-object-properties.spec.js
FN:13,(anonymous_0)
FN:17,(anonymous_1)
FN:83,(anonymous_2)
FN:97,(anonymous_3)
FN:111,(anonymous_4)
FN:118,(anonymous_5)
FN:125,(anonymous_6)
FN:126,(anonymous_7)
FN:131,(anonymous_8)
FN:139,(anonymous_9)
FN:148,(anonymous_10)
FN:156,(anonymous_11)
FN:164,(anonymous_12)
FNF:13
FNH:13
FNDA:1,(anonymous_0)
FNDA:10,(anonymous_1)
FNDA:1,(anonymous_2)
FNDA:1,(anonymous_3)
FNDA:1,(anonymous_4)
FNDA:1,(anonymous_5)
FNDA:1,(anonymous_6)
FNDA:1,(anonymous_7)
FNDA:1,(anonymous_8)
FNDA:1,(anonymous_9)
FNDA:1,(anonymous_10)
FNDA:1,(anonymous_11)
FNDA:1,(anonymous_12)
DA:6,1
DA:7,1
DA:8,1
DA:13,1
DA:17,1
DA:18,10
DA:29,10
DA:30,10
DA:31,10
DA:32,10
DA:33,10
DA:34,10
DA:35,10
DA:36,10
DA:40,1
DA:47,1
DA:56,1
DA:59,1
DA:62,1
DA:67,1
DA:70,1
DA:73,1
DA:76,1
DA:79,1
DA:83,1
DA:84,1
DA:85,1
DA:86,1
DA:87,1
DA:88,1
DA:89,1
DA:90,1
DA:91,1
DA:92,1
DA:93,1
DA:94,1
DA:97,1
DA:98,1
DA:99,1
DA:100,1
DA:101,1
DA:102,1
DA:103,1
DA:104,1
DA:105,1
DA:106,1
DA:107,1
DA:108,1
DA:111,1
DA:112,1
DA:113,1
DA:114,1
DA:115,1
DA:118,1
DA:119,1
DA:120,1
DA:121,1
DA:122,1
DA:125,1
DA:126,1
DA:127,1
DA:131,1
DA:132,1
DA:133,1
DA:134,1
DA:135,1
DA:136,1
DA:139,1
DA:140,1
DA:141,1
DA:142,1
DA:143,1
DA:144,1
DA:145,1
DA:148,1
DA:149,1
DA:150,1
DA:151,1
DA:152,1
DA:153,1
DA:156,1
DA:157,1
DA:158,1
DA:159,1
DA:160,1
DA:161,1
DA:164,1
DA:165,1
DA:166,1
DA:167,1
DA:168,1
DA:169,1
LF:92
LH:92
BRF:0
BRH:0
end_of_record
